ab
ba
abaa
abbb
aaab
aaba
baaa
babb
bbab
bbba
abaaaa
abaabb
ababab
ababba
abbbaa
abbbbb
abbaab
abbaba
aaabaa
aaabbb
aaaaab
aaaaba
aabaaa
aababb
aabbab
aabbba
baaaaa
baaabb
baabab
baabba
babbaa
babbbb
babaab
bababa
bbabaa
bbabbb
bbaaab
bbaaba
bbbaaa
bbbabb
bbbbab
bbbbba
abaaaaaa
abaaaabb
abaaabab
abaaabba
abaabbaa
abaabbbb
abaabaab
abaababa
abababaa
abababbb
ababaaab
ababaaba
ababbaaa
ababbabb
ababbbab
ababbbba
abbbaaaa
abbbaabb
abbbabab
abbbabba
abbbbbaa
abbbbbbb
abbbbaab
abbbbaba
abbaabaa
abbaabbb
abbaaaab
abbaaaba
abbabaaa
abbababb
abbabbab
abbabbba
aaabaaaa
aaabaabb
aaababab
aaababba
aaabbbaa
aaabbbbb
aaabbaab
aaabbaba
aaaaabaa
aaaaabbb
aaaaaaab
aaaaaaba
aaaabaaa
aaaababb
aaaabbab
aaaabbba
aabaaaaa
aabaaabb
aabaabab
aabaabba
aababbaa
aababbbb
aababaab
aabababa
aabbabaa
aabbabbb
aabbaaab
