1
0
0
1
b
aab
aba
baa
bbb
aaaab
aaaba
aabaa
aabbb
abbab
abbba
abaaa
ababb
babab
babba
baaaa
baabb
bbaab
bbaba
bbbaa
bbbbb
aaaaaab
aaaaaba
aaaabaa
aaaabbb
aaabbab
aaabbba
aaabaaa
aaababb
aababab
aababba
aabaaaa
aabaabb
aabbaab
aabbaba
aabbbaa
aabbbbb
abbaaab
abbaaba
abbabaa
abbabbb
abbbbab
abbbbba
abbbaaa
abbbabb
abaabab
abaabba
abaaaaa
abaaabb
ababaab
abababa
ababbaa
ababbbb
babaaab
babaaba
bababaa
bababbb
babbbab
babbbba
babbaaa
babbabb
baaabab
baaabba
baaaaaa
baaaabb
baabaab
baababa
baabbaa
baabbbb
bbaaaab
bbaaaba
bbaabaa
bbaabbb
bbabbab
bbabbba
bbabaaa
bbababb
bbbabab
bbbabba
bbbaaaa
bbbaabb
bbbbaab
bbbbaba
bbbbbaa
bbbbbbb
aaaaaaaab
aaaaaaaba
aaaaaabaa
aaaaaabbb
aaaaabbab
aaaaabbba
aaaaabaaa
aaaaababb
aaaababab
aaaababba
aaaabaaaa
aaaabaabb
aaaabbaab
aaaabbaba
aaaabbbaa
